<?xml version="1.0" encoding="UTF-8"?>
<!-- Generated by org.testng.reporters.JUnitReportReporter -->
<testsuite hostname="DESKTOP-F194BDL" failures="0" tests="12" name="base.TestClass1" time="0.076" errors="0" timestamp="2023-10-13T11:28:11 IST" skipped="0">
  <testcase classname="base.TestClass1" name="TestCase1" time="0.004"/>
  <testcase classname="base.TestClass1" name="TestCase3" time="0.011"/>
  <testcase classname="base.TestClass1" name="TestCase4" time="0.008"/>
  <testcase classname="base.TestClass1" name="TestCase3" time="0.003"/>
  <testcase classname="base.TestClass1" name="TestCase3" time="0.007"/>
  <testcase classname="base.TestClass1" name="TestCase1" time="0.004"/>
  <testcase classname="base.TestClass1" name="TestCase2" time="0.004"/>
  <testcase classname="base.TestClass1" name="TestCase2" time="0.004"/>
  <testcase classname="base.TestClass1" name="TestCase2" time="0.009"/>
  <testcase classname="base.TestClass1" name="TestCase4" time="0.002"/>
  <testcase classname="base.TestClass1" name="TestCase1" time="0.017"/>
  <testcase classname="base.TestClass1" name="TestCase4" time="0.003"/>
</testsuite> <!-- base.TestClass1 -->
