<?xml version="1.0" encoding="UTF-8"?>
<!-- Generated by org.testng.reporters.JUnitReportReporter -->
<testsuite hostname="DESKTOP-F194BDL" failures="0" tests="12" name="base.TestClass3" time="0.060" errors="0" timestamp="2023-10-13T11:28:11 IST" skipped="0">
  <testcase classname="base.TestClass3" name="TestCase1" time="0.009"/>
  <testcase classname="base.TestClass3" name="TestCase3" time="0.008"/>
  <testcase classname="base.TestClass3" name="TestCase2" time="0.002"/>
  <testcase classname="base.TestClass3" name="TestCase2" time="0.005"/>
  <testcase classname="base.TestClass3" name="TestCase4" time="0.006"/>
  <testcase classname="base.TestClass3" name="TestCase3" time="0.005"/>
  <testcase classname="base.TestClass3" name="TestCase4" time="0.004"/>
  <testcase classname="base.TestClass3" name="TestCase1" time="0.007"/>
  <testcase classname="base.TestClass3" name="TestCase4" time="0.006"/>
  <testcase classname="base.TestClass3" name="TestCase1" time="0.003"/>
  <testcase classname="base.TestClass3" name="TestCase3" time="0.004"/>
  <testcase classname="base.TestClass3" name="TestCase2" time="0.001"/>
</testsuite> <!-- base.TestClass3 -->
