<?xml version="1.0" encoding="UTF-8"?>
<!-- Generated by org.testng.reporters.JUnitReportReporter -->
<testsuite hostname="DESKTOP-F194BDL" failures="0" tests="1" name="base.homeModuleTest" time="26.293" errors="0" timestamp="2023-10-09T16:36:57 IST" skipped="0">
  <testcase classname="base.homeModuleTest" name="ProductSelection2" time="26.293"/>
</testsuite> <!-- base.homeModuleTest -->
